e:\cgp year 2\semester 2\graphics 2\kebbab\graphics2\x64\debug\vc141.pdb
e:\cgp year 2\semester 2\graphics 2\kebbab\graphics2\x64\debug\vc141.idb
e:\cgp year 2\semester 2\graphics 2\kebbab\graphics2\x64\debug\cubenode.obj
e:\cgp year 2\semester 2\graphics 2\kebbab\graphics2\x64\debug\framework.obj
e:\cgp year 2\semester 2\graphics 2\kebbab\graphics2\x64\debug\directxframework.obj
e:\cgp year 2\semester 2\graphics 2\kebbab\graphics2\x64\debug\graphics2.obj
e:\cgp year 2\semester 2\graphics 2\kebbab\graphics2\x64\debug\scenegraph.obj
e:\cgp year 2\semester 2\graphics 2\kebbab\graphics2\x64\debug\wictextureloader.obj
e:\cgp year 2\semester 2\graphics 2\kebbab - copy\graphics2\x64\debug\vc141.pdb
e:\cgp year 2\semester 2\graphics 2\kebbab - copy\graphics2\x64\debug\vc141.idb
e:\cgp year 2\semester 2\graphics 2\kebbab - copy\graphics2\x64\debug\cubenode.obj
e:\cgp year 2\semester 2\graphics 2\kebbab - copy\graphics2\x64\debug\framework.obj
e:\cgp year 2\semester 2\graphics 2\kebbab - copy\graphics2\x64\debug\directxframework.obj
e:\cgp year 2\semester 2\graphics 2\kebbab - copy\graphics2\x64\debug\graphics2.obj
e:\cgp year 2\semester 2\graphics 2\kebbab - copy\graphics2\x64\debug\scenegraph.obj
e:\cgp year 2\semester 2\graphics 2\kebbab - copy\graphics2\x64\debug\wictextureloader.obj
e:\cgp year 2\semester 2\graphics 2\kebbab\x64\debug\shader.cso
e:\cgp year 2\semester 2\graphics 2\kebbab - copy\x64\debug\shader.cso
e:\cgp year 2\semester 2\graphics 2\kebbab\x64\debug\graphics2.exe
e:\cgp year 2\semester 2\graphics 2\kebbab\x64\debug\graphics2.ilk
e:\cgp year 2\semester 2\graphics 2\kebbab\x64\debug\graphics2.pdb
e:\cgp year 2\semester 2\graphics 2\kebbab - copy\x64\debug\graphics2.ilk
e:\cgp year 2\semester 2\graphics 2\kebbab - copy\x64\debug\graphics2.exe
e:\cgp year 2\semester 2\graphics 2\kebbab - copy\x64\debug\graphics2.pdb
e:\cgp year 2\semester 2\graphics 2\kebbab\graphics2\x64\debug\graphics2.res
e:\cgp year 2\semester 2\graphics 2\kebbab - copy\graphics2\x64\debug\graphics2.res
e:\cgp year 2\semester 2\graphics 2\kebbab - copy\graphics2\x64\debug\graphics2.tlog\cl.command.1.tlog
e:\cgp year 2\semester 2\graphics 2\kebbab - copy\graphics2\x64\debug\graphics2.tlog\cl.read.1.tlog
e:\cgp year 2\semester 2\graphics 2\kebbab - copy\graphics2\x64\debug\graphics2.tlog\cl.write.1.tlog
e:\cgp year 2\semester 2\graphics 2\kebbab - copy\graphics2\x64\debug\graphics2.tlog\fxc.command.1.tlog
e:\cgp year 2\semester 2\graphics 2\kebbab - copy\graphics2\x64\debug\graphics2.tlog\fxc.read.1.tlog
e:\cgp year 2\semester 2\graphics 2\kebbab - copy\graphics2\x64\debug\graphics2.tlog\fxc.write.1.tlog
e:\cgp year 2\semester 2\graphics 2\kebbab - copy\graphics2\x64\debug\graphics2.tlog\graphics2.write.1u.tlog
e:\cgp year 2\semester 2\graphics 2\kebbab - copy\graphics2\x64\debug\graphics2.tlog\link.command.1.tlog
e:\cgp year 2\semester 2\graphics 2\kebbab - copy\graphics2\x64\debug\graphics2.tlog\link.read.1.tlog
e:\cgp year 2\semester 2\graphics 2\kebbab - copy\graphics2\x64\debug\graphics2.tlog\link.write.1.tlog
e:\cgp year 2\semester 2\graphics 2\kebbab - copy\graphics2\x64\debug\graphics2.tlog\rc.command.1.tlog
e:\cgp year 2\semester 2\graphics 2\kebbab - copy\graphics2\x64\debug\graphics2.tlog\rc.read.1.tlog
e:\cgp year 2\semester 2\graphics 2\kebbab - copy\graphics2\x64\debug\graphics2.tlog\rc.write.1.tlog
